#
# A fatal error has been detected by the Java Runtime Environment:
#
#  Internal Error (0xc000000d), pid=11608, tid=10024
#
# JRE version: Java(TM) SE Runtime Environment (15.0.2+7) (build 15.0.2+7-27)
# Java VM: Java HotSpot(TM) 64-Bit Server VM (15.0.2+7-27, mixed mode, sharing, tiered, compressed oops, g1 gc, windows-amd64)
# Problematic frame:
# C  [ntdll.dll+0x112174]
#
# No core dump will be written. Minidumps are not enabled by default on client versions of Windows
#
# If you would like to submit a bug report, please visit:
#   https://bugreport.java.com/bugreport/crash.jsp
#

---------------  S U M M A R Y ------------

Command Line: -Djava.library.path=c:\opencv\build\java\x64 -Dfile.encoding=MS949 -XX:+ShowCodeDetailsInExceptionMessages Main

Host: AMD Ryzen 5 3500U with Radeon Vega Mobile Gfx  , 8 cores, 5G,  Windows 10 , 64 bit Build 19041 (10.0.19041.928)
Time: Sat May 22 14:05:55 2021 대한민국 표준시 elapsed time: 20.516894 seconds (0d 0h 0m 20s)

---------------  T H R E A D  ---------------

Current thread (0x000001483865f940):  VMThread "VM Thread" [stack: 0x000000052fa00000,0x000000052fb00000] [id=10024]

Stack: [0x000000052fa00000,0x000000052fb00000],  sp=0x000000052fafde50,  free space=1015k
Native frames: (J=compiled Java code, j=interpreted, Vv=VM code, C=native code)
C  [ntdll.dll+0x112174]
C  [ntdll.dll+0xac50f]
C  [ntdll.dll+0x11d95]
C  [RTWorkQ.DLL+0x63d3]


siginfo: EXCEPTION_?? (0xc000000d)


Register to memory mapping:

RIP=0x00007ffcab2e2174 ntdll.dll
RAX=0x0000000000000004 is an unknown value
RBX=0x0 is NULL
RCX=0x0000000000000004 is an unknown value
RDX=0x00007ffca63a3ef6 uxtheme.dll
RSP=0x000000052fafde50 points into unknown readable memory: 0x0000000000000057 | 57 00 00 00 00 00 00 00
RBP=0x0000000000000004 is an unknown value
RSI=0x00000000000007fc is an unknown value
RDI=0x00000148391138d0 points into unknown readable memory: 0x0000000000000001 | 01 00 00 00 00 00 00 00
R8 =0x00007ffc00000000 is an unknown value
R9 =0x000000052fafd908 points into unknown readable memory: 0x0000000000000000 | 00 00 00 00 00 00 00 00
R10=0x0000000000000004 is an unknown value
R11=0x0000000000000004 is an unknown value
R12=0x00000000000007fc is an unknown value
R13=0x00007ffc91d5b430 FrameServerClient.dll
R14=0x0 is NULL
R15=0x00000000000007fc is an unknown value


Registers:
RAX=0x0000000000000004, RBX=0x0000000000000000, RCX=0x0000000000000004, RDX=0x00007ffca63a3ef6
RSP=0x000000052fafde50, RBP=0x0000000000000004, RSI=0x00000000000007fc, RDI=0x00000148391138d0
R8 =0x00007ffc00000000, R9 =0x000000052fafd908, R10=0x0000000000000004, R11=0x0000000000000004
R12=0x00000000000007fc, R13=0x00007ffc91d5b430, R14=0x0000000000000000, R15=0x00000000000007fc
RIP=0x00007ffcab2e2174, EFLAGS=0x0000000000000202

Top of Stack: (sp=0x000000052fafde50)
0x000000052fafde50:   0000000000000057 0000000000000000
0x000000052fafde60:   00000000000007fc 0000000000000000
0x000000052fafde70:   00000000c000000d 0000000000000000
0x000000052fafde80:   00007ffcab2e2174 0000000000000000
0x000000052fafde90:   0000000000000000 0000000000000000
0x000000052fafdea0:   0000000000000000 0000000000000000
0x000000052fafdeb0:   0000000000000000 0000000000000000
0x000000052fafdec0:   0000000000000000 0000000000000000
0x000000052fafded0:   0000000000000000 0000000000000000
0x000000052fafdee0:   0000000000000000 0000000000000000
0x000000052fafdef0:   0000000000000000 0000000000000000
0x000000052fafdf00:   0000000000000000 0000000000000000
0x000000052fafdf10:   0000aee4e437be60 0000000000000036
0x000000052fafdf20:   00007ffc91d5c2d8 00007ffcab27c50f
0x000000052fafdf30:   0000000000000001 00007ffca229874b
0x000000052fafdf40:   00007ffc91d5b430 00000000000007fc 

Instructions: (pc=0x00007ffcab2e2174)
0x00007ffcab2e2074:   cc cc cc cc cc cc cc cc 48 81 ec d8 00 00 00 48
0x00007ffcab2e2084:   8b 05 86 04 07 00 48 33 c4 48 89 84 24 c0 00 00
0x00007ffcab2e2094:   00 4d 85 c0 74 33 4d 8b 48 50 48 8d 05 4b 64 f6
0x00007ffcab2e20a4:   ff c7 44 24 38 05 00 00 00 4c 3b c8 75 0a 49 8b
0x00007ffcab2e20b4:   40 58 4c 8b 50 20 eb 03 45 33 d2 4d 85 d2 4d 0f
0x00007ffcab2e20c4:   45 ca 4c 89 4c 24 60 eb 08 c7 44 24 38 04 00 00
0x00007ffcab2e20d4:   00 48 83 64 24 28 00 48 83 64 24 58 00 48 63 c1
0x00007ffcab2e20e4:   48 8d 4c 24 20 48 89 44 24 40 c7 44 24 20 0a 07
0x00007ffcab2e20f4:   00 c0 48 89 54 24 48 4c 89 44 24 50 c7 44 24 24
0x00007ffcab2e2104:   01 00 00 00 e8 13 ef f3 ff 48 8b 8c 24 c0 00 00
0x00007ffcab2e2114:   00 48 33 cc e8 23 a1 f7 ff 48 81 c4 d8 00 00 00
0x00007ffcab2e2124:   c3 cc cc cc cc cc cc cc 48 81 ec d8 00 00 00 48
0x00007ffcab2e2134:   8b 05 d6 03 07 00 48 33 c4 48 89 84 24 c0 00 00
0x00007ffcab2e2144:   00 33 d2 41 b8 94 00 00 00 48 8d 4c 24 24 e8 69
0x00007ffcab2e2154:   1d f9 ff c7 44 24 20 0d 00 00 c0 b9 57 00 00 00
0x00007ffcab2e2164:   e8 07 e6 f3 ff 90 48 8d 4c 24 20 e8 ac ee f3 ff
0x00007ffcab2e2174:   eb 00 48 8b 8c 24 c0 00 00 00 48 33 cc e8 ba a0
0x00007ffcab2e2184:   f7 ff 48 81 c4 d8 00 00 00 c3 cc 40 55 48 83 ec
0x00007ffcab2e2194:   20 48 8b ea e8 0f 00 00 00 90 48 83 c4 20 5d c3
0x00007ffcab2e21a4:   cc cc cc cc cc cc cc cc 48 83 ec 28 48 8b 51 08
0x00007ffcab2e21b4:   41 b8 03 00 00 00 48 8b 09 e8 8e a7 fc ff 33 c0
0x00007ffcab2e21c4:   48 83 c4 28 c3 cc cc cc cc cc cc cc 48 8b 01 48
0x00007ffcab2e21d4:   83 c9 ff 8b 10 e9 b2 b1 f8 ff cc cc cc cc cc cc
0x00007ffcab2e21e4:   4c 8b dc 48 81 ec 88 00 00 00 48 8b 05 1b 03 07
0x00007ffcab2e21f4:   00 48 33 c4 48 89 44 24 70 48 8b 84 24 b0 00 00
0x00007ffcab2e2204:   00 41 ba 24 1c 00 00 49 89 43 d8 8b 84 24 b8 00
0x00007ffcab2e2214:   00 00 66 45 89 53 9e 49 89 4b b8 49 89 53 c0 4d
0x00007ffcab2e2224:   89 43 c8 4d 89 4b d0 89 44 24 68 e8 1c 26 f1 ff
0x00007ffcab2e2234:   85 c0 74 19 65 48 8b 04 25 60 00 00 00 48 8b 88
0x00007ffcab2e2244:   90 00 00 00 48 81 c1 2c 02 00 00 eb 05 b9 86 03
0x00007ffcab2e2254:   fe 7f 0f b6 09 4c 8d 4c 24 20 ba 03 04 00 00 41
0x00007ffcab2e2264:   b8 2c 00 00 00 e8 52 b7 f8 ff 48 8b 4c 24 70 48 


Stack slot to memory mapping:
stack at sp + 0 slots: 0x0000000000000057 is an unknown value
stack at sp + 1 slots: 0x0 is NULL
stack at sp + 2 slots: 0x00000000000007fc is an unknown value
stack at sp + 3 slots: 0x0 is NULL
stack at sp + 4 slots: 
[error occurred during error reporting (inspecting top of stack), id 0xc0000005, EXCEPTION_ACCESS_VIOLATION (0xc0000005) at pc=0x00007ffc7dc18322]

VM_Operation (0x0000000531bfe8b0): Exit, mode: safepoint, requested by thread 0x000001483efdd140


---------------  P R O C E S S  ---------------

Threads class SMR info:
_java_thread_list=0x00000148386ba530, length=14, elements={
0x000001481ae32c40, 0x0000014838663390, 0x0000014838664d10, 0x0000014838684be0,
0x00000148386852a0, 0x00000148386864f0, 0x0000014838688a80, 0x000001483868d210,
0x00000148386903b0, 0x000001483903f5c0, 0x0000014839066580, 0x0000014839331730,
0x0000014839334ad0, 0x000001483efdd140
}

Java Threads: ( => current thread )
  0x000001481ae32c40 JavaThread "main" [_thread_in_native, id=2976, stack(0x000000052f400000,0x000000052f500000)]
  0x0000014838663390 JavaThread "Reference Handler" daemon [_thread_blocked, id=13116, stack(0x000000052fb00000,0x000000052fc00000)]
  0x0000014838664d10 JavaThread "Finalizer" daemon [_thread_blocked, id=4444, stack(0x000000052fc00000,0x000000052fd00000)]
  0x0000014838684be0 JavaThread "Signal Dispatcher" daemon [_thread_blocked, id=5276, stack(0x000000052fd00000,0x000000052fe00000)]
  0x00000148386852a0 JavaThread "Attach Listener" daemon [_thread_blocked, id=2688, stack(0x000000052fe00000,0x000000052ff00000)]
  0x00000148386864f0 JavaThread "Service Thread" daemon [_thread_blocked, id=11588, stack(0x000000052ff00000,0x0000000530000000)]
  0x0000014838688a80 JavaThread "C2 CompilerThread0" daemon [_thread_blocked, id=12944, stack(0x0000000530000000,0x0000000530100000)]
  0x000001483868d210 JavaThread "C1 CompilerThread0" daemon [_thread_blocked, id=5984, stack(0x0000000530100000,0x0000000530200000)]
  0x00000148386903b0 JavaThread "Sweeper thread" daemon [_thread_blocked, id=6876, stack(0x0000000530200000,0x0000000530300000)]
  0x000001483903f5c0 JavaThread "Notification Thread" daemon [_thread_blocked, id=10700, stack(0x0000000530300000,0x0000000530400000)]
  0x0000014839066580 JavaThread "Common-Cleaner" daemon [_thread_blocked, id=7944, stack(0x0000000530500000,0x0000000530600000)]
  0x0000014839331730 JavaThread "Java2D Disposer" daemon [_thread_blocked, id=9524, stack(0x0000000531300000,0x0000000531400000)]
  0x0000014839334ad0 JavaThread "AWT-Shutdown" [_thread_blocked, id=14044, stack(0x0000000531400000,0x0000000531500000)]
  0x000001483efdd140 JavaThread "AWT-EventQueue-0" [_thread_blocked, id=10228, stack(0x0000000531b00000,0x0000000531c00000)]

Other Threads:
=>0x000001483865f940 VMThread "VM Thread" [stack: 0x000000052fa00000,0x000000052fb00000] [id=10024]
  0x000001481ae66100 GCTaskThread "GC Thread#0" [stack: 0x000000052f500000,0x000000052f600000] [id=11884]
  0x000001483ef04fb0 GCTaskThread "GC Thread#1" [stack: 0x0000000531d00000,0x0000000531e00000] [id=6204]
  0x000001483ef03300 GCTaskThread "GC Thread#2" [stack: 0x0000000531e00000,0x0000000531f00000] [id=8736]
  0x000001483ef01980 GCTaskThread "GC Thread#3" [stack: 0x0000000531f00000,0x0000000532000000] [id=6768]
  0x000001483ef02640 GCTaskThread "GC Thread#4" [stack: 0x0000000532000000,0x0000000532100000] [id=7716]
  0x000001483ef01fe0 GCTaskThread "GC Thread#5" [stack: 0x0000000532100000,0x0000000532200000] [id=6500]
  0x000001481ae939d0 ConcurrentGCThread "G1 Main Marker" [stack: 0x000000052f600000,0x000000052f700000] [id=11956]
  0x000001481ae945c0 ConcurrentGCThread "G1 Conc#0" [stack: 0x000000052f700000,0x000000052f800000] [id=12588]
  0x000001483ef03630 ConcurrentGCThread "G1 Conc#1" [stack: 0x0000000532200000,0x0000000532300000] [id=1684]
  0x000001481af072d0 ConcurrentGCThread "G1 Refine#0" [stack: 0x000000052f800000,0x000000052f900000] [id=7900]
  0x000001481af08c20 ConcurrentGCThread "G1 Young RemSet Sampling" [stack: 0x000000052f900000,0x000000052fa00000] [id=3516]

Threads with active compile tasks:

VM state: at safepoint (shutting down)

VM Mutex/Monitor currently owned by a thread:  ([mutex/lock_event])
[0x000001481ae2e660] Threads_lock - owner thread: 0x000001483865f940
[0x000001481ae2e780] Heap_lock - owner thread: 0x000001483efdd140

Heap address: 0x00000000a0e00000, size: 1522 MB, Compressed Oops mode: 32-bit
CDS archive(s) mapped at: [0x0000000800000000-0x0000000800b50000-0x0000000800b50000), size 11862016, SharedBaseAddress: 0x0000000800000000, ArchiveRelocationMode: 0.
Compressed class space mapped at: 0x0000000800b50000-0x0000000840b50000, size: 1073741824
Narrow klass base: 0x0000000800000000, Narrow klass shift: 3, Narrow klass range: 0x100000000

GC Precious Log:
 CPUs: 8 total, 8 available
 Memory: 6082M
 Large Page Support: Disabled
 NUMA Support: Disabled
 Compressed Oops: Enabled (32-bit)
 Heap Region Size: 1M
 Heap Min Capacity: 8M
 Heap Initial Capacity: 96M
 Heap Max Capacity: 1522M
 Pre-touch: Disabled
 Parallel Workers: 8
 Concurrent Workers: 2
 Concurrent Refinement Workers: 8
 Periodic GC: Disabled

Heap:
 garbage-first heap   total 56320K, used 52053K [0x00000000a0e00000, 0x0000000100000000)
  region size 1024K, 3 young (3072K), 1 survivors (1024K)
 Metaspace       used 6926K, capacity 7043K, committed 7168K, reserved 1056768K
  class space    used 691K, capacity 759K, committed 768K, reserved 1048576K

Heap Regions: E=young(eden), S=young(survivor), O=old, HS=humongous(starts), HC=humongous(continues), CS=collection set, F=free, OA=open archive, CA=closed archive, TAMS=top-at-mark-start (previous, next)
|   0|0x00000000a0e00000, 0x00000000a0f00000, 0x00000000a0f00000|100%|HS|  |TAMS 0x00000000a0e00000, 0x00000000a0e00000| Complete 
|   1|0x00000000a0f00000, 0x00000000a1000000, 0x00000000a1000000|100%|HS|  |TAMS 0x00000000a0f00000, 0x00000000a0f00000| Complete 
|   2|0x00000000a1000000, 0x00000000a1100000, 0x00000000a1100000|100%|HS|  |TAMS 0x00000000a1000000, 0x00000000a1000000| Complete 
|   3|0x00000000a1100000, 0x00000000a1200000, 0x00000000a1200000|100%|HS|  |TAMS 0x00000000a1100000, 0x00000000a1100000| Complete 
|   4|0x00000000a1200000, 0x00000000a1300000, 0x00000000a1300000|100%|HS|  |TAMS 0x00000000a1300000, 0x00000000a1200000| Complete 
|   5|0x00000000a1300000, 0x00000000a1400000, 0x00000000a1400000|100%|HS|  |TAMS 0x00000000a1300000, 0x00000000a1300000| Complete 
|   6|0x00000000a1400000, 0x00000000a1500000, 0x00000000a1500000|100%|HS|  |TAMS 0x00000000a1400000, 0x00000000a1400000| Complete 
|   7|0x00000000a1500000, 0x00000000a1600000, 0x00000000a1600000|100%|HS|  |TAMS 0x00000000a1500000, 0x00000000a1500000| Complete 
|   8|0x00000000a1600000, 0x00000000a1700000, 0x00000000a1700000|100%|HS|  |TAMS 0x00000000a1600000, 0x00000000a1600000| Complete 
|   9|0x00000000a1700000, 0x00000000a1800000, 0x00000000a1800000|100%|HS|  |TAMS 0x00000000a1800000, 0x00000000a1700000| Complete 
|  10|0x00000000a1800000, 0x00000000a1900000, 0x00000000a1900000|100%|HS|  |TAMS 0x00000000a1800000, 0x00000000a1800000| Complete 
|  11|0x00000000a1900000, 0x00000000a1a00000, 0x00000000a1a00000|100%|HS|  |TAMS 0x00000000a1900000, 0x00000000a1900000| Complete 
|  12|0x00000000a1a00000, 0x00000000a1b00000, 0x00000000a1b00000|100%|HS|  |TAMS 0x00000000a1b00000, 0x00000000a1a00000| Complete 
|  13|0x00000000a1b00000, 0x00000000a1c00000, 0x00000000a1c00000|100%|HS|  |TAMS 0x00000000a1b00000, 0x00000000a1b00000| Complete 
|  14|0x00000000a1c00000, 0x00000000a1d00000, 0x00000000a1d00000|100%|HS|  |TAMS 0x00000000a1c00000, 0x00000000a1c00000| Complete 
|  15|0x00000000a1d00000, 0x00000000a1d0b000, 0x00000000a1e00000|  4%| O|  |TAMS 0x00000000a1d0b000, 0x00000000a1d00000| Complete 
|  16|0x00000000a1e00000, 0x00000000a1e00a00, 0x00000000a1f00000|  0%| O|  |TAMS 0x00000000a1e00a00, 0x00000000a1e00000| Complete 
|  17|0x00000000a1f00000, 0x00000000a2000000, 0x00000000a2000000|100%|HS|  |TAMS 0x00000000a1f00000, 0x00000000a1f00000| Complete 
|  18|0x00000000a2000000, 0x00000000a2100000, 0x00000000a2100000|100%|HS|  |TAMS 0x00000000a2000000, 0x00000000a2000000| Complete 
|  19|0x00000000a2100000, 0x00000000a2200000, 0x00000000a2200000|100%|HS|  |TAMS 0x00000000a2100000, 0x00000000a2100000| Complete 
|  20|0x00000000a2200000, 0x00000000a2300000, 0x00000000a2300000|100%|HS|  |TAMS 0x00000000a2200000, 0x00000000a2200000| Complete 
|  21|0x00000000a2300000, 0x00000000a2400000, 0x00000000a2400000|100%|HS|  |TAMS 0x00000000a2300000, 0x00000000a2300000| Complete 
|  22|0x00000000a2400000, 0x00000000a2500000, 0x00000000a2500000|100%|HS|  |TAMS 0x00000000a2400000, 0x00000000a2400000| Complete 
|  23|0x00000000a2500000, 0x00000000a2600000, 0x00000000a2600000|100%|HS|  |TAMS 0x00000000a2500000, 0x00000000a2500000| Complete 
|  24|0x00000000a2600000, 0x00000000a2700000, 0x00000000a2700000|100%| O|  |TAMS 0x00000000a2700000, 0x00000000a2600000| Untracked 
|  25|0x00000000a2700000, 0x00000000a2800000, 0x00000000a2800000|100%|HS|  |TAMS 0x00000000a2700000, 0x00000000a2700000| Complete 
|  26|0x00000000a2800000, 0x00000000a28c6a00, 0x00000000a2900000| 77%| O|  |TAMS 0x00000000a28c6a00, 0x00000000a2800000| Complete 
|  27|0x00000000a2900000, 0x00000000a2a00000, 0x00000000a2a00000|100%|HS|  |TAMS 0x00000000a2900000, 0x00000000a2900000| Complete 
|  28|0x00000000a2a00000, 0x00000000a2b00000, 0x00000000a2b00000|100%|HS|  |TAMS 0x00000000a2a00000, 0x00000000a2a00000| Complete 
|  29|0x00000000a2b00000, 0x00000000a2c00000, 0x00000000a2c00000|100%|HS|  |TAMS 0x00000000a2b00000, 0x00000000a2b00000| Complete 
|  30|0x00000000a2c00000, 0x00000000a2d00000, 0x00000000a2d00000|100%|HS|  |TAMS 0x00000000a2c00000, 0x00000000a2c00000| Complete 
|  31|0x00000000a2d00000, 0x00000000a2d8dd48, 0x00000000a2e00000| 55%| E|  |TAMS 0x00000000a2d00000, 0x00000000a2d00000| Complete 
|  32|0x00000000a2e00000, 0x00000000a2f00000, 0x00000000a2f00000|100%|HS|  |TAMS 0x00000000a2e00000, 0x00000000a2e00000| Complete 
|  33|0x00000000a2f00000, 0x00000000a3000000, 0x00000000a3000000|100%|HS|  |TAMS 0x00000000a2f00000, 0x00000000a2f00000| Complete 
|  34|0x00000000a3000000, 0x00000000a3100000, 0x00000000a3100000|100%|HS|  |TAMS 0x00000000a3000000, 0x00000000a3000000| Complete 
|  35|0x00000000a3100000, 0x00000000a3200000, 0x00000000a3200000|100%|HS|  |TAMS 0x00000000a3100000, 0x00000000a3100000| Complete 
|  36|0x00000000a3200000, 0x00000000a3203060, 0x00000000a3300000|  1%| S|CS|TAMS 0x00000000a3200000, 0x00000000a3200000| Complete 
|  37|0x00000000a3300000, 0x00000000a3400000, 0x00000000a3400000|100%|HS|  |TAMS 0x00000000a3300000, 0x00000000a3300000| Complete 
|  38|0x00000000a3400000, 0x00000000a3500000, 0x00000000a3500000|100%|HS|  |TAMS 0x00000000a3400000, 0x00000000a3400000| Complete 
|  39|0x00000000a3500000, 0x00000000a3600000, 0x00000000a3600000|100%|HS|  |TAMS 0x00000000a3500000, 0x00000000a3500000| Complete 
|  40|0x00000000a3600000, 0x00000000a3700000, 0x00000000a3700000|100%|HS|  |TAMS 0x00000000a3600000, 0x00000000a3600000| Complete 
|  41|0x00000000a3700000, 0x00000000a3800000, 0x00000000a3800000|100%|HS|  |TAMS 0x00000000a3700000, 0x00000000a3700000| Complete 
|  42|0x00000000a3800000, 0x00000000a3900000, 0x00000000a3900000|100%|HS|  |TAMS 0x00000000a3800000, 0x00000000a3800000| Complete 
|  43|0x00000000a3900000, 0x00000000a3a00000, 0x00000000a3a00000|100%|HS|  |TAMS 0x00000000a3900000, 0x00000000a3900000| Complete 
|  44|0x00000000a3a00000, 0x00000000a3b00000, 0x00000000a3b00000|100%|HS|  |TAMS 0x00000000a3a00000, 0x00000000a3a00000| Complete 
|  45|0x00000000a3b00000, 0x00000000a3c00000, 0x00000000a3c00000|100%|HS|  |TAMS 0x00000000a3b00000, 0x00000000a3b00000| Complete 
|  46|0x00000000a3c00000, 0x00000000a3d00000, 0x00000000a3d00000|100%|HS|  |TAMS 0x00000000a3c00000, 0x00000000a3c00000| Complete 
|  47|0x00000000a3d00000, 0x00000000a3e00000, 0x00000000a3e00000|100%|HS|  |TAMS 0x00000000a3d00000, 0x00000000a3d00000| Complete 
|  48|0x00000000a3e00000, 0x00000000a3f00000, 0x00000000a3f00000|100%|HS|  |TAMS 0x00000000a3e00000, 0x00000000a3e00000| Complete 
|  49|0x00000000a3f00000, 0x00000000a4000000, 0x00000000a4000000|100%|HS|  |TAMS 0x00000000a3f00000, 0x00000000a3f00000| Complete 
|  50|0x00000000a4000000, 0x00000000a4100000, 0x00000000a4100000|100%|HS|  |TAMS 0x00000000a4000000, 0x00000000a4000000| Complete 
|  51|0x00000000a4100000, 0x00000000a4200000, 0x00000000a4200000|100%|HS|  |TAMS 0x00000000a4100000, 0x00000000a4100000| Complete 
|  52|0x00000000a4200000, 0x00000000a4300000, 0x00000000a4300000|100%|HS|  |TAMS 0x00000000a4200000, 0x00000000a4200000| Complete 
|  53|0x00000000a4300000, 0x00000000a4400000, 0x00000000a4400000|100%|HS|  |TAMS 0x00000000a4300000, 0x00000000a4300000| Complete 
|  95|0x00000000a6d00000, 0x00000000a6e00000, 0x00000000a6e00000|100%| E|CS|TAMS 0x00000000a6d00000, 0x00000000a6d00000| Complete 

Card table byte_map: [0x00000148326b0000,0x00000148329b0000] _byte_map_base: 0x00000148321a9000

Marking Bits (Prev, Next): (CMBitMap*) 0x000001481ae679c0, (CMBitMap*) 0x000001481ae67980
 Prev Bits: [0x0000014834480000, 0x0000014835c48000)
 Next Bits: [0x0000014832cb0000, 0x0000014834478000)

Polling page: 0x0000014818df0000

Metaspace:

Usage:
  Non-class:      6.14 MB capacity,     6.09 MB (>99%) used,    39.38 KB ( <1%) free+waste,     9.50 KB ( <1%) overhead. 
      Class:    759.00 KB capacity,   691.38 KB ( 91%) used,    63.62 KB (  8%) free+waste,     4.00 KB ( <1%) overhead. 
       Both:      6.88 MB capacity,     6.76 MB ( 98%) used,   103.00 KB (  1%) free+waste,    13.50 KB ( <1%) overhead. 

Virtual space:
  Non-class space:        8.00 MB reserved,       6.25 MB ( 78%) committed 
      Class space:        1.00 GB reserved,     768.00 KB ( <1%) committed 
             Both:        1.01 GB reserved,       7.00 MB ( <1%) committed 

Chunk freelists:
   Non-Class:  52.00 KB
       Class:  9.00 KB
        Both:  61.00 KB

MaxMetaspaceSize: 17179869184.00 GB
CompressedClassSpaceSize: 1.00 GB

CodeHeap 'non-profiled nmethods': size=120000Kb used=292Kb max_used=292Kb free=119707Kb
 bounds [0x000001482ab40000, 0x000001482adb0000, 0x0000014832070000]
CodeHeap 'profiled nmethods': size=120000Kb used=2021Kb max_used=2021Kb free=117979Kb
 bounds [0x0000014823610000, 0x0000014823880000, 0x000001482ab40000]
CodeHeap 'non-nmethods': size=5760Kb used=1271Kb max_used=1286Kb free=4488Kb
 bounds [0x0000014823070000, 0x00000148232e0000, 0x0000014823610000]
 total_blobs=1754 nmethods=1197 adapters=469
 compilation: enabled
              stopped_count=0, restarted_count=0
 full_count=0

Compilation events (20 events):
Event: 16.185 Thread 0x000001483868d210 1189       3       sun.awt.image.BufImgSurfaceData::createData (909 bytes)
Event: 16.191 Thread 0x000001483868d210 nmethod 1189 0x0000014823801290 code [0x0000014823801800, 0x0000014823804a58]
Event: 16.191 Thread 0x000001483868d210 1190       3       sun.awt.image.BufImgSurfaceData::createDataBC (95 bytes)
Event: 16.193 Thread 0x000001483868d210 nmethod 1190 0x0000014823805810 code [0x0000014823805a60, 0x00000148238066d8]
Event: 16.308 Thread 0x000001483868d210 1192       3       javax.swing.SwingUtilities::getPaintingOrigin (33 bytes)
Event: 16.308 Thread 0x000001483868d210 nmethod 1192 0x0000014823806b10 code [0x0000014823806ce0, 0x0000014823807248]
Event: 16.308 Thread 0x000001483868d210 1191       3       javax.swing.JComponent::paintImmediately (155 bytes)
Event: 16.310 Thread 0x000001483868d210 nmethod 1191 0x0000014823807390 code [0x0000014823807600, 0x0000014823808718]
Event: 16.620 Thread 0x0000014838688a80 1193       4       java.lang.Math::min (11 bytes)
Event: 16.621 Thread 0x000001483868d210 1194       3       java.util.concurrent.locks.LockSupport::park (23 bytes)
Event: 16.621 Thread 0x0000014838688a80 nmethod 1193 0x000001482ab88510 code [0x000001482ab88680, 0x000001482ab886d8]
Event: 16.621 Thread 0x000001483868d210 nmethod 1194 0x0000014823808a90 code [0x0000014823808c60, 0x0000014823808e08]
Event: 16.685 Thread 0x0000014838688a80 1195       4       java.awt.Component::setBoundsOp (51 bytes)
Event: 16.686 Thread 0x0000014838688a80 nmethod 1195 0x000001482ab88810 code [0x000001482ab88980, 0x000001482ab889f8]
Event: 16.828 Thread 0x000001483868d210 1196       3       java.util.concurrent.locks.AbstractQueuedSynchronizer::acquire (20 bytes)
Event: 16.828 Thread 0x000001483868d210 nmethod 1196 0x0000014823808f10 code [0x00000148238090c0, 0x0000014823809338]
Event: 16.971 Thread 0x0000014838688a80 1197       4       java.util.concurrent.locks.AbstractQueuedSynchronizer::signalNext (34 bytes)
Event: 16.974 Thread 0x0000014838688a80 nmethod 1197 0x000001482ab88b10 code [0x000001482ab88ca0, 0x000001482ab88d68]
Event: 17.323 Thread 0x0000014838688a80 1198       4       java.util.concurrent.locks.ReentrantLock::unlock (10 bytes)
Event: 17.329 Thread 0x0000014838688a80 nmethod 1198 0x000001482ab88e90 code [0x000001482ab89020, 0x000001482ab891e8]

GC Heap History (20 events):
Event: 14.116 GC heap before
{Heap before GC invocations=90 (full 0):
 garbage-first heap   total 40960K, used 17227K [0x00000000a0e00000, 0x0000000100000000)
  region size 1024K, 3 young (3072K), 1 survivors (1024K)
 Metaspace       used 6799K, capacity 6915K, committed 7168K, reserved 1056768K
  class space    used 691K, capacity 759K, committed 768K, reserved 1048576K
}
Event: 14.117 GC heap after
{Heap after GC invocations=91 (full 0):
 garbage-first heap   total 40960K, used 8011K [0x00000000a0e00000, 0x0000000100000000)
  region size 1024K, 1 young (1024K), 1 survivors (1024K)
 Metaspace       used 6799K, capacity 6915K, committed 7168K, reserved 1056768K
  class space    used 691K, capacity 759K, committed 768K, reserved 1048576K
}
Event: 14.349 GC heap before
{Heap before GC invocations=92 (full 0):
 garbage-first heap   total 40960K, used 17227K [0x00000000a0e00000, 0x0000000100000000)
  region size 1024K, 3 young (3072K), 1 survivors (1024K)
 Metaspace       used 6816K, capacity 6979K, committed 7168K, reserved 1056768K
  class space    used 691K, capacity 759K, committed 768K, reserved 1048576K
}
Event: 14.350 GC heap after
{Heap after GC invocations=93 (full 0):
 garbage-first heap   total 40960K, used 8016K [0x00000000a0e00000, 0x0000000100000000)
  region size 1024K, 1 young (1024K), 1 survivors (1024K)
 Metaspace       used 6816K, capacity 6979K, committed 7168K, reserved 1056768K
  class space    used 691K, capacity 759K, committed 768K, reserved 1048576K
}
Event: 14.586 GC heap before
{Heap before GC invocations=94 (full 0):
 garbage-first heap   total 40960K, used 17232K [0x00000000a0e00000, 0x0000000100000000)
  region size 1024K, 3 young (3072K), 1 survivors (1024K)
 Metaspace       used 6816K, capacity 6979K, committed 7168K, reserved 1056768K
  class space    used 691K, capacity 759K, committed 768K, reserved 1048576K
}
Event: 14.587 GC heap after
{Heap after GC invocations=95 (full 0):
 garbage-first heap   total 40960K, used 8014K [0x00000000a0e00000, 0x0000000100000000)
  region size 1024K, 1 young (1024K), 1 survivors (1024K)
 Metaspace       used 6816K, capacity 6979K, committed 7168K, reserved 1056768K
  class space    used 691K, capacity 759K, committed 768K, reserved 1048576K
}
Event: 14.796 GC heap before
{Heap before GC invocations=96 (full 0):
 garbage-first heap   total 40960K, used 17230K [0x00000000a0e00000, 0x0000000100000000)
  region size 1024K, 3 young (3072K), 1 survivors (1024K)
 Metaspace       used 6818K, capacity 6979K, committed 7168K, reserved 1056768K
  class space    used 691K, capacity 759K, committed 768K, reserved 1048576K
}
Event: 14.797 GC heap after
{Heap after GC invocations=97 (full 0):
 garbage-first heap   total 40960K, used 8014K [0x00000000a0e00000, 0x0000000100000000)
  region size 1024K, 1 young (1024K), 1 survivors (1024K)
 Metaspace       used 6818K, capacity 6979K, committed 7168K, reserved 1056768K
  class space    used 691K, capacity 759K, committed 768K, reserved 1048576K
}
Event: 15.044 GC heap before
{Heap before GC invocations=98 (full 0):
 garbage-first heap   total 40960K, used 17230K [0x00000000a0e00000, 0x0000000100000000)
  region size 1024K, 3 young (3072K), 1 survivors (1024K)
 Metaspace       used 6821K, capacity 6979K, committed 7168K, reserved 1056768K
  class space    used 691K, capacity 759K, committed 768K, reserved 1048576K
}
Event: 15.045 GC heap after
{Heap after GC invocations=99 (full 0):
 garbage-first heap   total 40960K, used 8016K [0x00000000a0e00000, 0x0000000100000000)
  region size 1024K, 1 young (1024K), 1 survivors (1024K)
 Metaspace       used 6821K, capacity 6979K, committed 7168K, reserved 1056768K
  class space    used 691K, capacity 759K, committed 768K, reserved 1048576K
}
Event: 15.308 GC heap before
{Heap before GC invocations=100 (full 0):
 garbage-first heap   total 40960K, used 17232K [0x00000000a0e00000, 0x0000000100000000)
  region size 1024K, 3 young (3072K), 1 survivors (1024K)
 Metaspace       used 6838K, capacity 6979K, committed 7168K, reserved 1056768K
  class space    used 691K, capacity 759K, committed 768K, reserved 1048576K
}
Event: 15.309 GC heap after
{Heap after GC invocations=101 (full 0):
 garbage-first heap   total 40960K, used 8016K [0x00000000a0e00000, 0x0000000100000000)
  region size 1024K, 1 young (1024K), 1 survivors (1024K)
 Metaspace       used 6838K, capacity 6979K, committed 7168K, reserved 1056768K
  class space    used 691K, capacity 759K, committed 768K, reserved 1048576K
}
Event: 15.452 GC heap before
{Heap before GC invocations=102 (full 0):
 garbage-first heap   total 40960K, used 17232K [0x00000000a0e00000, 0x0000000100000000)
  region size 1024K, 3 young (3072K), 1 survivors (1024K)
 Metaspace       used 6840K, capacity 6979K, committed 7168K, reserved 1056768K
  class space    used 691K, capacity 759K, committed 768K, reserved 1048576K
}
Event: 15.453 GC heap after
{Heap after GC invocations=103 (full 0):
 garbage-first heap   total 40960K, used 8017K [0x00000000a0e00000, 0x0000000100000000)
  region size 1024K, 1 young (1024K), 1 survivors (1024K)
 Metaspace       used 6840K, capacity 6979K, committed 7168K, reserved 1056768K
  class space    used 691K, capacity 759K, committed 768K, reserved 1048576K
}
Event: 15.691 GC heap before
{Heap before GC invocations=104 (full 0):
 garbage-first heap   total 40960K, used 17233K [0x00000000a0e00000, 0x0000000100000000)
  region size 1024K, 3 young (3072K), 1 survivors (1024K)
 Metaspace       used 6849K, capacity 6979K, committed 7168K, reserved 1056768K
  class space    used 691K, capacity 759K, committed 768K, reserved 1048576K
}
Event: 15.692 GC heap after
{Heap after GC invocations=105 (full 0):
 garbage-first heap   total 40960K, used 8019K [0x00000000a0e00000, 0x0000000100000000)
  region size 1024K, 1 young (1024K), 1 survivors (1024K)
 Metaspace       used 6849K, capacity 6979K, committed 7168K, reserved 1056768K
  class space    used 691K, capacity 759K, committed 768K, reserved 1048576K
}
Event: 15.879 GC heap before
{Heap before GC invocations=106 (full 0):
 garbage-first heap   total 40960K, used 17235K [0x00000000a0e00000, 0x0000000100000000)
  region size 1024K, 3 young (3072K), 1 survivors (1024K)
 Metaspace       used 6872K, capacity 6979K, committed 7168K, reserved 1056768K
  class space    used 691K, capacity 759K, committed 768K, reserved 1048576K
}
Event: 15.881 GC heap after
{Heap after GC invocations=107 (full 0):
 garbage-first heap   total 40960K, used 8019K [0x00000000a0e00000, 0x0000000100000000)
  region size 1024K, 1 young (1024K), 1 survivors (1024K)
 Metaspace       used 6872K, capacity 6979K, committed 7168K, reserved 1056768K
  class space    used 691K, capacity 759K, committed 768K, reserved 1048576K
}
Event: 16.171 GC heap before
{Heap before GC invocations=108 (full 0):
 garbage-first heap   total 40960K, used 17235K [0x00000000a0e00000, 0x0000000100000000)
  region size 1024K, 3 young (3072K), 1 survivors (1024K)
 Metaspace       used 6901K, capacity 7043K, committed 7168K, reserved 1056768K
  class space    used 691K, capacity 759K, committed 768K, reserved 1048576K
}
Event: 16.172 GC heap after
{Heap after GC invocations=109 (full 0):
 garbage-first heap   total 40960K, used 8021K [0x00000000a0e00000, 0x0000000100000000)
  region size 1024K, 1 young (1024K), 1 survivors (1024K)
 Metaspace       used 6901K, capacity 7043K, committed 7168K, reserved 1056768K
  class space    used 691K, capacity 759K, committed 768K, reserved 1048576K
}

Deoptimization events (16 events):
Event: 0.133 Thread 0x000001481ae32c40 Uncommon trap: trap_request=0xffffff45 fr.pc=0x000001482ab44040 relative=0x0000000000000220
Event: 0.133 Thread 0x000001481ae32c40 Uncommon trap: reason=unstable_if action=reinterpret pc=0x000001482ab44040 method=java.lang.String.hashCode()I @ 13 c2
Event: 0.133 Thread 0x000001481ae32c40 DEOPT PACKING pc=0x000001482ab44040 sp=0x000000052f4fe4e0
Event: 0.133 Thread 0x000001481ae32c40 DEOPT UNPACKING pc=0x00000148230be42f sp=0x000000052f4fe478 mode 2
Event: 1.662 Thread 0x000001481ae32c40 Uncommon trap: trap_request=0xffffff45 fr.pc=0x000001482ab47a9c relative=0x000000000000007c
Event: 1.662 Thread 0x000001481ae32c40 Uncommon trap: reason=unstable_if action=reinterpret pc=0x000001482ab47a9c method=java.lang.String.charAt(I)C @ 4 c2
Event: 1.662 Thread 0x000001481ae32c40 DEOPT PACKING pc=0x000001482ab47a9c sp=0x000000052f4fcb90
Event: 1.662 Thread 0x000001481ae32c40 DEOPT UNPACKING pc=0x00000148230be42f sp=0x000000052f4fcb30 mode 2
Event: 1.985 Thread 0x000001481ae32c40 Uncommon trap: trap_request=0xffffff45 fr.pc=0x000001482ab5a44c relative=0x000000000000022c
Event: 1.985 Thread 0x000001481ae32c40 Uncommon trap: reason=unstable_if action=reinterpret pc=0x000001482ab5a44c method=java.lang.String.hashCode()I @ 20 c2
Event: 1.985 Thread 0x000001481ae32c40 DEOPT PACKING pc=0x000001482ab5a44c sp=0x000000052f4fd9a0
Event: 1.985 Thread 0x000001481ae32c40 DEOPT UNPACKING pc=0x00000148230be42f sp=0x000000052f4fd930 mode 2
Event: 2.264 Thread 0x000001481ae32c40 Uncommon trap: trap_request=0xffffff45 fr.pc=0x000001482ab62798 relative=0x0000000000000458
Event: 2.264 Thread 0x000001481ae32c40 Uncommon trap: reason=unstable_if action=reinterpret pc=0x000001482ab62798 method=java.lang.StringLatin1.replace([BCC)Ljava/lang/String; @ 19 c2
Event: 2.264 Thread 0x000001481ae32c40 DEOPT PACKING pc=0x000001482ab62798 sp=0x000000052f4fd3d0
Event: 2.264 Thread 0x000001481ae32c40 DEOPT UNPACKING pc=0x00000148230be42f sp=0x000000052f4fd350 mode 2

Classes unloaded (0 events):
No events

Classes redefined (0 events):
No events

Internal exceptions (13 events):
Event: 1.565 Thread 0x000001481ae32c40 Exception <a 'java/lang/NoSuchMethodError'{0x00000000a6c20ac8}: 'void java.lang.invoke.DirectMethodHandle$Holder.invokeSpecial(java.lang.Object, java.lang.Object, java.lang.Object)'> (0x00000000a6c20ac8) 
thrown [./open/src/hotspot/share/interpreter/linkResolver.cpp, line 782]
Event: 1.593 Thread 0x000001481ae32c40 Exception <a 'java/lang/ClassNotFoundException'{0x00000000a6c3dbc0}: sun/awt/resources/spi/awtProvider> (0x00000000a6c3dbc0) 
thrown [./open/src/hotspot/share/classfile/systemDictionary.cpp, line 295]
Event: 1.662 Thread 0x000001481ae32c40 Exception <a 'java/io/FileNotFoundException'{0x00000000a6c99960}> (0x00000000a6c99960) 
thrown [./open/src/hotspot/share/prims/jni.cpp, line 578]
Event: 1.680 Thread 0x000001481ae32c40 Exception <a 'java/io/FileNotFoundException'{0x00000000a6cc83b0}> (0x00000000a6cc83b0) 
thrown [./open/src/hotspot/share/prims/jni.cpp, line 578]
Event: 1.683 Thread 0x000001481ae32c40 Exception <a 'java/lang/NoSuchMethodError'{0x00000000a6cc9760}: 'java.lang.Object java.lang.invoke.DirectMethodHandle$Holder.invokeStatic(java.lang.Object)'> (0x00000000a6cc9760) 
thrown [./open/src/hotspot/share/interpreter/linkResolver.cpp, line 782]
Event: 1.785 Thread 0x000001481ae32c40 Exception <a 'java/lang/NoSuchMethodError'{0x00000000a6b13928}: 'java.lang.Object java.lang.invoke.DirectMethodHandle$Holder.invokeStaticInit(java.lang.Object)'> (0x00000000a6b13928) 
thrown [./open/src/hotspot/share/interpreter/linkResolver.cpp, line 782]
Event: 2.038 Thread 0x000001481ae32c40 Exception <a 'java/lang/NoSuchMethodError'{0x00000000a6bfc590}: 'java.lang.Object java.lang.invoke.DirectMethodHandle$Holder.newInvokeSpecial(java.lang.Object, java.lang.Object, java.lang.Object, java.lang.Object, java.lang.Object)'> (0x00000000a6bfc590) 
thrown [./open/src/hotspot/share/interpreter/linkResolver.cpp, line 782]
Event: 2.041 Thread 0x000001481ae32c40 Exception <a 'java/lang/NoSuchMethodError'{0x00000000a6a086a0}: 'java.lang.Object java.lang.invoke.DirectMethodHandle$Holder.invokeStatic(java.lang.Object, int, java.lang.Object, java.lang.Object, java.lang.Object, java.lang.Object)'> (0x00000000a6a086a0) 
thrown [./open/src/hotspot/share/interpreter/linkResolver.cpp, line 782]
Event: 2.052 Thread 0x000001481ae32c40 Exception <a 'java/lang/NoSuchMethodError'{0x00000000a6a2e948}: 'java.lang.Object java.lang.invoke.DirectMethodHandle$Holder.invokeStatic(java.lang.Object, int, java.lang.Object)'> (0x00000000a6a2e948) 
thrown [./open/src/hotspot/share/interpreter/linkResolver.cpp, line 782]
Event: 2.104 Thread 0x000001481ae32c40 Exception <a 'java/lang/ClassNotFoundException'{0x00000000a6ae69b8}: com/sun/swing/internal/plaf/metal/resources/spi/metalProvider> (0x00000000a6ae69b8) 
thrown [./open/src/hotspot/share/classfile/systemDictionary.cpp, line 295]
Event: 2.107 Thread 0x000001481ae32c40 Exception <a 'java/lang/ClassNotFoundException'{0x00000000a6aeaa28}: com/sun/swing/internal/plaf/basic/resources/spi/basicProvider> (0x00000000a6aeaa28) 
thrown [./open/src/hotspot/share/classfile/systemDictionary.cpp, line 295]
Event: 2.197 Thread 0x000001481ae32c40 Exception <a 'java/lang/NoSuchMethodError'{0x00000000a69396d0}: 'void java.lang.invoke.DirectMethodHandle$Holder.invokeStaticInit(java.lang.Object)'> (0x00000000a69396d0) 
thrown [./open/src/hotspot/share/interpreter/linkResolver.cpp, line 782]
Event: 2.231 Thread 0x000001481ae32c40 Exception <a 'java/io/FileNotFoundException'{0x00000000a69460a8}> (0x00000000a69460a8) 
thrown [./open/src/hotspot/share/prims/jni.cpp, line 578]

Events (20 events):
Event: 15.887 Executing VM operation: HandshakeAllThreads done
Event: 15.889 Executing VM operation: G1Concurrent
Event: 15.889 Executing VM operation: G1Concurrent done
Event: 16.023 Loaded shared library C:\opencv\build\java\x64\opencv_java2411.dll
Event: 16.171 Executing VM operation: G1TryInitiateConcMark
Event: 16.172 Executing VM operation: G1TryInitiateConcMark done
Event: 16.178 Executing VM operation: G1Concurrent
Event: 16.181 Executing VM operation: G1Concurrent done
Event: 16.181 Executing VM operation: HandshakeAllThreads
Event: 16.181 Executing VM operation: HandshakeAllThreads done
Event: 16.182 Loaded shared library C:\Program Files\Java\jdk-15.0.2\bin\awt.dll
Event: 16.184 Executing VM operation: G1Concurrent
Event: 16.185 Executing VM operation: G1Concurrent done
Event: 17.352 Thread 0x0000014839154640 Thread added: 0x0000014839154640
Event: 17.352 Thread 0x0000014839154b10 Thread added: 0x0000014839154b10
Event: 17.353 Thread 0x0000014839154640 Thread exited: 0x0000014839154640
Event: 17.354 Thread 0x000001483f047020 Thread exited: 0x000001483f047020
Event: 17.496 Thread 0x0000014839338e80 Thread exited: 0x0000014839338e80
Event: 17.555 Thread 0x0000014839154b10 Thread exited: 0x0000014839154b10
Event: 17.555 Executing VM operation: Exit


Dynamic libraries:
0x00007ff716c30000 - 0x00007ff716c3f000 	C:\Program Files\Java\jdk-15.0.2\bin\javaw.exe
0x00007ffcab1d0000 - 0x00007ffcab3c5000 	C:\Windows\SYSTEM32\ntdll.dll
0x00007ffca9b20000 - 0x00007ffca9bdd000 	C:\Windows\System32\KERNEL32.DLL
0x00007ffca8d00000 - 0x00007ffca8fc8000 	C:\Windows\System32\KERNELBASE.dll
0x00007ffca8a50000 - 0x00007ffca8b50000 	C:\Windows\System32\ucrtbase.dll
0x00007ffc9abc0000 - 0x00007ffc9abd8000 	C:\Program Files\Java\jdk-15.0.2\bin\jli.dll
0x00007ffca3970000 - 0x00007ffca3989000 	C:\Program Files\Java\jdk-15.0.2\bin\VCRUNTIME140.dll
0x00007ffca9940000 - 0x00007ffca99ec000 	C:\Windows\System32\ADVAPI32.dll
0x00007ffca92f0000 - 0x00007ffca938e000 	C:\Windows\System32\msvcrt.dll
0x00007ffca9cc0000 - 0x00007ffca9d5b000 	C:\Windows\System32\sechost.dll
0x00007ffca99f0000 - 0x00007ffca9b1b000 	C:\Windows\System32\RPCRT4.dll
0x00007ffca9390000 - 0x00007ffca9530000 	C:\Windows\System32\USER32.dll
0x00007ffca9200000 - 0x00007ffca9222000 	C:\Windows\System32\win32u.dll
0x00007ffcab0a0000 - 0x00007ffcab0ca000 	C:\Windows\System32\GDI32.dll
0x00007ffca9050000 - 0x00007ffca915b000 	C:\Windows\System32\gdi32full.dll
0x00007ffc97d30000 - 0x00007ffc97fca000 	C:\Windows\WinSxS\amd64_microsoft.windows.common-controls_6595b64144ccf1df_6.0.19041.844_none_ca00b6081b84eb1d\COMCTL32.dll
0x00007ffca9160000 - 0x00007ffca91fd000 	C:\Windows\System32\msvcp_win.dll
0x00007ffc9e850000 - 0x00007ffc9e85a000 	C:\Windows\SYSTEM32\VERSION.dll
0x00007ffca92c0000 - 0x00007ffca92f0000 	C:\Windows\System32\IMM32.DLL
0x00007ffca2cc0000 - 0x00007ffca2ccc000 	C:\Program Files\Java\jdk-15.0.2\bin\vcruntime140_1.dll
0x00007ffc85a40000 - 0x00007ffc85ad1000 	C:\Program Files\Java\jdk-15.0.2\bin\msvcp140.dll
0x00007ffc7d970000 - 0x00007ffc7e4ce000 	C:\Program Files\Java\jdk-15.0.2\bin\server\jvm.dll
0x00007ffca9cb0000 - 0x00007ffca9cb8000 	C:\Windows\System32\PSAPI.DLL
0x00007ffca1e70000 - 0x00007ffca1e79000 	C:\Windows\SYSTEM32\WSOCK32.dll
0x00007ffca9d60000 - 0x00007ffca9dcb000 	C:\Windows\System32\WS2_32.dll
0x00007ffc9e810000 - 0x00007ffc9e837000 	C:\Windows\SYSTEM32\WINMM.dll
0x00007ffca6860000 - 0x00007ffca6872000 	C:\Windows\SYSTEM32\kernel.appcore.dll
0x00007ffc98a00000 - 0x00007ffc98a0a000 	C:\Program Files\Java\jdk-15.0.2\bin\jimage.dll
0x00007ffc9a490000 - 0x00007ffc9a674000 	C:\Windows\SYSTEM32\DBGHELP.DLL
0x00007ffc992c0000 - 0x00007ffc992ec000 	C:\Windows\SYSTEM32\dbgcore.DLL
0x00007ffca8fd0000 - 0x00007ffca9050000 	C:\Windows\System32\bcryptPrimitives.dll
0x00007ffc95dc0000 - 0x00007ffc95de5000 	C:\Program Files\Java\jdk-15.0.2\bin\java.dll
0x00007ffcaa950000 - 0x00007ffcab092000 	C:\Windows\System32\SHELL32.dll
0x00007ffca6a60000 - 0x00007ffca71f0000 	C:\Windows\SYSTEM32\windows.storage.dll
0x00007ffcaa2d0000 - 0x00007ffcaa625000 	C:\Windows\System32\combase.dll
0x00007ffca82b0000 - 0x00007ffca82dc000 	C:\Windows\SYSTEM32\Wldp.dll
0x00007ffca9530000 - 0x00007ffca95de000 	C:\Windows\System32\SHCORE.dll
0x00007ffcaa690000 - 0x00007ffcaa6e5000 	C:\Windows\System32\shlwapi.dll
0x00007ffca8850000 - 0x00007ffca886f000 	C:\Windows\SYSTEM32\profapi.dll
0x00007ffc76df0000 - 0x00007ffc777c3000 	C:\opencv\build\java\x64\opencv_java2411.dll
0x00007ffca9660000 - 0x00007ffca978a000 	C:\Windows\System32\ole32.dll
0x00007ffca9be0000 - 0x00007ffca9cad000 	C:\Windows\System32\OLEAUT32.dll
0x00007ffca0e60000 - 0x00007ffca0e8b000 	C:\Windows\SYSTEM32\MSVFW32.dll
0x00007ffca0e40000 - 0x00007ffca0e59000 	C:\Windows\SYSTEM32\AVICAP32.dll
0x00007ffca0e10000 - 0x00007ffca0e31000 	C:\Windows\SYSTEM32\AVIFIL32.dll
0x00007ffca2360000 - 0x00007ffca237e000 	C:\Windows\SYSTEM32\MSACM32.dll
0x00007ffc9ab60000 - 0x00007ffc9ab86000 	C:\Windows\SYSTEM32\winmmbase.dll
0x00007ffc94b80000 - 0x00007ffc94b99000 	C:\Program Files\Java\jdk-15.0.2\bin\net.dll
0x00007ffc9c260000 - 0x00007ffc9c36b000 	C:\Windows\SYSTEM32\WINHTTP.dll
0x00007ffca8020000 - 0x00007ffca808a000 	C:\Windows\system32\mswsock.dll
0x00007ffc91360000 - 0x00007ffc91372000 	C:\Program Files\Java\jdk-15.0.2\bin\nio.dll
0x00007ffc8e750000 - 0x00007ffc8e768000 	C:\Program Files\Java\jdk-15.0.2\bin\zip.dll
0x00007ffca63a0000 - 0x00007ffca643e000 	C:\Windows\system32\uxtheme.dll
0x00007ffcab0d0000 - 0x00007ffcab179000 	C:\Windows\System32\clbcatq.dll
0x00007ffca0d30000 - 0x00007ffca0d4d000 	C:\Windows\System32\devenum.dll
0x00007ffca8cb0000 - 0x00007ffca8cfe000 	C:\Windows\System32\CFGMGR32.dll
0x00007ffca9df0000 - 0x00007ffcaa259000 	C:\Windows\System32\setupapi.dll
0x00007ffca8910000 - 0x00007ffca8937000 	C:\Windows\System32\bcrypt.dll
0x00007ffca7650000 - 0x00007ffca7683000 	C:\Windows\SYSTEM32\ntmarta.dll
0x00007ffca85f0000 - 0x00007ffca861c000 	C:\Windows\SYSTEM32\DEVOBJ.dll
0x00007ffca8940000 - 0x00007ffca89a0000 	C:\Windows\System32\WINTRUST.dll
0x00007ffca8b50000 - 0x00007ffca8caf000 	C:\Windows\System32\CRYPT32.dll
0x00007ffca8430000 - 0x00007ffca8442000 	C:\Windows\SYSTEM32\MSASN1.dll
0x00007ffca5ef0000 - 0x00007ffca5efb000 	C:\Windows\SYSTEM32\msdmo.dll
0x00007ffca0cd0000 - 0x00007ffca0d06000 	C:\Windows\System32\qcap.dll
0x00007ffc793a0000 - 0x00007ffc79570000 	C:\Windows\System32\quartz.dll
0x00007ffcaa6f0000 - 0x00007ffcaa805000 	C:\Windows\System32\MSCTF.dll
0x00007ffc97540000 - 0x00007ffc9758d000 	C:\Windows\System32\mfksproxy.dll
0x00007ffca0cb0000 - 0x00007ffca0ccd000 	C:\Windows\System32\ATL.DLL
0x00007ffc94530000 - 0x00007ffc946ec000 	C:\Windows\System32\MFPlat.DLL
0x00007ffca2290000 - 0x00007ffca22c0000 	C:\Windows\System32\RTWorkQ.DLL
0x00007ffc78f10000 - 0x00007ffc7939e000 	C:\Windows\System32\MFCORE.dll
0x00007ffca30c0000 - 0x00007ffca30c9000 	C:\Windows\System32\ksuser.dll
0x00007ffca8780000 - 0x00007ffca87cb000 	C:\Windows\SYSTEM32\powrprof.dll
0x00007ffca8210000 - 0x00007ffca821c000 	C:\Windows\System32\CRYPTBASE.DLL
0x00007ffca8760000 - 0x00007ffca8772000 	C:\Windows\SYSTEM32\UMPDC.dll
0x00007ffc91d00000 - 0x00007ffc91d6c000 	C:\Windows\System32\FrameServerClient.dll
0x00007ffc85900000 - 0x00007ffc8596a000 	C:\Windows\System32\MFSENSORGROUP.dll
0x00007ffca2270000 - 0x00007ffca227a000 	C:\Windows\System32\AVRT.dll
0x00007ffca0f40000 - 0x00007ffca0f4d000 	C:\Windows\System32\vidcap.ax
0x00007ffca0ae0000 - 0x00007ffca0b07000 	C:\Windows\System32\kswdmcap.ax
0x00007ffc7ca70000 - 0x00007ffc7cbdc000 	C:\Windows\System32\MFC42.dll
0x00007ffc7b690000 - 0x00007ffc7b79a000 	C:\Windows\System32\MFReadWrite.dll
0x00007ffc7e760000 - 0x00007ffc7e808000 	C:\Windows\System32\qedit.dll
0x00007ffcaa870000 - 0x00007ffcaa94a000 	C:\Windows\System32\COMDLG32.dll
0x00007ffc85ce0000 - 0x00007ffc85e8b000 	C:\Windows\WinSxS\amd64_microsoft.windows.gdiplus_6595b64144ccf1df_1.1.19041.928_none_faefac437613c6cc\gdiplus.dll
0x00007ffc7b2e0000 - 0x00007ffc7b3db000 	C:\Windows\System32\DDRAW.dll
0x00007ffca7370000 - 0x00007ffca7464000 	C:\Windows\System32\dxgi.dll
0x00007ffca0db0000 - 0x00007ffca0db9000 	C:\Windows\System32\DCIMAN32.dll
0x00007ffca00e0000 - 0x00007ffca011b000 	C:\Windows\SYSTEM32\dxcore.dll
0x00007ffca1220000 - 0x00007ffca1257000 	C:\Windows\System32\CompPkgSup.DLL
0x00007ffc739b0000 - 0x00007ffc740d6000 	C:\Windows\System32\Windows.Media.dll
0x00007ffca0570000 - 0x00007ffca0656000 	C:\Windows\System32\Windows.ApplicationModel.dll
0x00007ffca1570000 - 0x00007ffca1771000 	C:\Windows\System32\twinapi.appcore.dll
0x00007ffca18a0000 - 0x00007ffca1999000 	C:\Windows\System32\AppXDeploymentClient.dll
0x00007ffc97be0000 - 0x00007ffc97d26000 	C:\Windows\System32\Windows.StateRepositoryPS.dll
0x00007ffca47f0000 - 0x00007ffca4944000 	C:\Windows\System32\WinTypes.dll
0x00007ffc71090000 - 0x00007ffc711f0000 	C:\Windows\System32\msvproc.dll
0x00007ffc76c70000 - 0x00007ffc76df0000 	C:\Program Files\Java\jdk-15.0.2\bin\awt.dll
0x00007ffca61c0000 - 0x00007ffca6250000 	C:\Windows\SYSTEM32\apphelp.dll
0x00007ffca6570000 - 0x00007ffca659f000 	C:\Windows\system32\DWMAPI.DLL
0x00007ffc78de0000 - 0x00007ffc78f06000 	C:\Windows\system32\opengl32.dll
0x00007ffc922b0000 - 0x00007ffc922dc000 	C:\Windows\SYSTEM32\GLU32.dll
0x00007ffc85740000 - 0x00007ffc857c5000 	C:\Program Files\Java\jdk-15.0.2\bin\freetype.dll
0x00007ffc7b450000 - 0x00007ffc7b4f9000 	C:\Program Files\Java\jdk-15.0.2\bin\fontmanager.dll
0x00007ffca2bc0000 - 0x00007ffca2cb9000 	C:\Windows\SYSTEM32\textinputframework.dll
0x00007ffca5b50000 - 0x00007ffca5eae000 	C:\Windows\System32\CoreUIComponents.dll
0x00007ffca5f90000 - 0x00007ffca6082000 	C:\Windows\System32\CoreMessaging.dll
0x00007ffca4200000 - 0x00007ffca42f7000 	C:\Windows\SYSTEM32\PROPSYS.dll
0x00007ffca0950000 - 0x00007ffca0991000 	C:\Windows\System32\IME\IMEKR\imkrapi.dll
0x00007ffca4140000 - 0x00007ffca41e0000 	C:\Windows\SYSTEM32\policymanager.dll
0x00007ffca7a50000 - 0x00007ffca7ada000 	C:\Windows\SYSTEM32\msvcp110_win.dll
0x00007ffc97310000 - 0x00007ffc9734e000 	C:\Windows\System32\IME\shared\imjkapi.dll

dbghelp: loaded successfully - version: 4.0.5 - missing functions: none
symbol engine: initialized successfully - sym options: 0x614 - pdb path: .;C:\Program Files\Java\jdk-15.0.2\bin;C:\Windows\SYSTEM32;C:\Windows\WinSxS\amd64_microsoft.windows.common-controls_6595b64144ccf1df_6.0.19041.844_none_ca00b6081b84eb1d;C:\Program Files\Java\jdk-15.0.2\bin\server;C:\opencv\build\java\x64;C:\Windows\WinSxS\amd64_microsoft.windows.gdiplus_6595b64144ccf1df_1.1.19041.928_none_faefac437613c6cc;C:\Windows\System32\DriverStore\FileRepository\u0360470.inf_amd64_35c64671e7fac064\B360357;C:\Windows\System32\IME\IMEKR;C:\Windows\System32\IME\shared

VM Arguments:
jvm_args: -Djava.library.path=c:\opencv\build\java\x64 -Dfile.encoding=MS949 -XX:+ShowCodeDetailsInExceptionMessages 
java_command: Main
java_class_path (initial): C:\Users\CYJ\Documents\GitHub\webcam_with\NoSocketWebcam\bin;C:\opencv\build\java\opencv-2411.jar
Launcher Type: SUN_STANDARD

[Global flags]
     intx CICompilerCount                          = 4                                         {product} {ergonomic}
     uint ConcGCThreads                            = 2                                         {product} {ergonomic}
     uint G1ConcRefinementThreads                  = 8                                         {product} {ergonomic}
   size_t G1HeapRegionSize                         = 1048576                                   {product} {ergonomic}
    uintx GCDrainStackTargetSize                   = 64                                        {product} {ergonomic}
   size_t InitialHeapSize                          = 100663296                                 {product} {ergonomic}
   size_t MarkStackSize                            = 4194304                                   {product} {ergonomic}
   size_t MaxHeapSize                              = 1595932672                                {product} {ergonomic}
   size_t MaxNewSize                               = 957349888                                 {product} {ergonomic}
   size_t MinHeapDeltaBytes                        = 1048576                                   {product} {ergonomic}
   size_t MinHeapSize                              = 8388608                                   {product} {ergonomic}
    uintx NonNMethodCodeHeapSize                   = 5839372                                {pd product} {ergonomic}
    uintx NonProfiledCodeHeapSize                  = 122909434                              {pd product} {ergonomic}
    uintx ProfiledCodeHeapSize                     = 122909434                              {pd product} {ergonomic}
    uintx ReservedCodeCacheSize                    = 251658240                              {pd product} {ergonomic}
     bool SegmentedCodeCache                       = true                                      {product} {ergonomic}
     bool ShowCodeDetailsInExceptionMessages       = true                                   {manageable} {command line}
   size_t SoftMaxHeapSize                          = 1595932672                             {manageable} {ergonomic}
     bool UseCompressedClassPointers               = true                                 {lp64_product} {ergonomic}
     bool UseCompressedOops                        = true                                 {lp64_product} {ergonomic}
     bool UseG1GC                                  = true                                      {product} {ergonomic}
     bool UseLargePagesIndividualAllocation        = false                                  {pd product} {ergonomic}

Logging:
Log output configuration:
 #0: stdout all=off uptime,level,tags
 #1: stderr all=off uptime,level,tags

Environment Variables:
PATH=C:\Program Files\Common Files\Oracle\Java\javapath;C:\Windows\system32;C:\Windows;C:\Windows\System32\Wbem;C:\Windows\System32\WindowsPowerShell\v1.0\;C:\Windows\System32\OpenSSH\;C:\Program Files\Git\cmd;C:\Program Files\PuTTY\;C:\Program Files\MySQL\MySQL Shell 8.0\bin\;C:\Users\CYJ\AppData\Local\Microsoft\WindowsApps;C:\Program Files\Bandizip\;C:\Program Files\JetBrains\IntelliJ IDEA Community Edition 2021.1\bin;;C:\Users\CYJ\AppData\Local\GitHubDesktop\bin
USERNAME=CYJ
OS=Windows_NT
PROCESSOR_IDENTIFIER=AMD64 Family 23 Model 24 Stepping 1, AuthenticAMD



---------------  S Y S T E M  ---------------

OS:
 Windows 10 , 64 bit Build 19041 (10.0.19041.928)
OS uptime: 3 days 0:30 hours

CPU: total 8 (initial active 8) (8 cores per cpu, 2 threads per core) family 23 model 24 stepping 1 microcode 0x0, cmov, cx8, fxsr, mmx, sse, sse2, sse3, ssse3, sse4.1, sse4.2, popcnt, vzeroupper, avx, avx2, aes, clmul, 3dnowpref, lzcnt, sse4a, ht, tsc, tscinvbit, tscinv, bmi1, bmi2, adx, sha, fma, clflush, clflushopt

Memory: 4k page, system-wide physical 6082M (2278M free)
TotalPageFile size 8258M (AvailPageFile size 1749M)
current process WorkingSet (physical memory assigned to process): 138M, peak: 148M
current process commit charge ("private bytes"): 187M, peak: 245M

vm_info: Java HotSpot(TM) 64-Bit Server VM (15.0.2+7-27) for windows-amd64 JRE (15.0.2+7-27), built on Dec  7 2020 20:07:01 by "mach5one" with unknown MS VC++:1925

END.
